<?xml version="1.0" encoding="UTF-8"?>
<coverage generated="1761048997628" clover="3.2.0">
  <project timestamp="1761048997628" name="All files">
    <metrics statements="143" coveredstatements="114" conditionals="54" coveredconditionals="33" methods="25" coveredmethods="18" elements="222" coveredelements="165" complexity="0" loc="143" ncloc="143" packages="2" files="2" classes="2"/>
    <package name="services">
      <metrics statements="101" coveredstatements="89" conditionals="28" coveredconditionals="19" methods="16" coveredmethods="16"/>
      <file name="elevation-service.js" path="/home/zylex/drone-route-building/drone-route-server/services/elevation-service.js">
        <metrics statements="101" coveredstatements="89" conditionals="28" coveredconditionals="19" methods="16" coveredmethods="16"/>
        <line num="6" count="1" type="stmt"/>
        <line num="7" count="1" type="stmt"/>
        <line num="10" count="1" type="stmt"/>
        <line num="13" count="1" type="stmt"/>
        <line num="14" count="1" type="stmt"/>
        <line num="15" count="1" type="stmt"/>
        <line num="18" count="1" type="stmt"/>
        <line num="19" count="1" type="stmt"/>
        <line num="29" count="10406" type="stmt"/>
        <line num="38" count="5203" type="stmt"/>
        <line num="39" count="5203" type="cond" truecount="2" falsecount="0"/>
        <line num="42" count="1" type="cond" truecount="1" falsecount="1"/>
        <line num="43" count="0" type="stmt"/>
        <line num="44" count="0" type="stmt"/>
        <line num="47" count="1" type="stmt"/>
        <line num="56" count="5202" type="stmt"/>
        <line num="68" count="51" type="stmt"/>
        <line num="78" count="61" type="stmt"/>
        <line num="79" count="61" type="stmt"/>
        <line num="85" count="61" type="stmt"/>
        <line num="94" count="61" type="cond" truecount="3" falsecount="1"/>
        <line num="95" count="61" type="stmt"/>
        <line num="99" count="61" type="stmt"/>
        <line num="102" count="0" type="stmt"/>
        <line num="105" count="0" type="stmt"/>
        <line num="113" count="0" type="cond" truecount="0" falsecount="2"/>
        <line num="114" count="0" type="stmt"/>
        <line num="115" count="0" type="stmt"/>
        <line num="118" count="0" type="stmt"/>
        <line num="128" count="13" type="stmt"/>
        <line num="129" count="13" type="stmt"/>
        <line num="134" count="13" type="stmt"/>
        <line num="135" count="13" type="stmt"/>
        <line num="136" count="13" type="stmt"/>
        <line num="139" count="13" type="stmt"/>
        <line num="140" count="5204" type="stmt"/>
        <line num="141" count="5204" type="stmt"/>
        <line num="142" count="5203" type="stmt"/>
        <line num="144" count="5203" type="cond" truecount="2" falsecount="0"/>
        <line num="145" count="1" type="stmt"/>
        <line num="147" count="5202" type="stmt"/>
        <line num="148" count="5202" type="stmt"/>
        <line num="152" count="12" type="stmt"/>
        <line num="160" count="12" type="cond" truecount="2" falsecount="0"/>
        <line num="161" count="2" type="stmt"/>
        <line num="165" count="2" type="stmt"/>
        <line num="169" count="10" type="stmt"/>
        <line num="170" count="10" type="stmt"/>
        <line num="171" count="61" type="stmt"/>
        <line num="174" count="10" type="stmt"/>
        <line num="181" count="10" type="stmt"/>
        <line num="182" count="10" type="stmt"/>
        <line num="183" count="61" type="stmt"/>
        <line num="184" count="5202" type="stmt"/>
        <line num="189" count="61" type="stmt"/>
        <line num="194" count="61" type="stmt"/>
        <line num="195" count="61" type="stmt"/>
        <line num="198" count="61" type="cond" truecount="2" falsecount="0"/>
        <line num="199" count="51" type="stmt"/>
        <line num="204" count="10" type="stmt"/>
        <line num="205" count="5202" type="stmt"/>
        <line num="206" count="5202" type="stmt"/>
        <line num="207" count="5202" type="stmt"/>
        <line num="209" count="5202" type="stmt"/>
        <line num="210" count="5202" type="stmt"/>
        <line num="213" count="10" type="stmt"/>
        <line num="214" count="10" type="stmt"/>
        <line num="221" count="10" type="stmt"/>
        <line num="231" count="4" type="stmt"/>
        <line num="232" count="4" type="stmt"/>
        <line num="234" count="4" type="stmt"/>
        <line num="235" count="4" type="stmt"/>
        <line num="237" count="4" type="stmt"/>
        <line num="238" count="253" type="stmt"/>
        <line num="239" count="20182" type="stmt"/>
        <line num="243" count="4" type="stmt"/>
        <line num="250" count="4" type="stmt"/>
        <line num="260" count="4" type="stmt"/>
        <line num="266" count="4" type="stmt"/>
        <line num="269" count="4" type="stmt"/>
        <line num="270" count="4" type="cond" truecount="2" falsecount="0"/>
        <line num="271" count="2" type="stmt"/>
        <line num="279" count="2" type="stmt"/>
        <line num="280" count="2" type="stmt"/>
        <line num="283" count="2" type="cond" truecount="1" falsecount="1"/>
        <line num="285" count="0" type="stmt"/>
        <line num="286" count="0" type="stmt"/>
        <line num="291" count="0" type="stmt"/>
        <line num="294" count="2" type="stmt"/>
        <line num="297" count="2" type="stmt"/>
        <line num="307" count="2" type="stmt"/>
        <line num="314" count="8" type="stmt"/>
        <line num="317" count="2" type="cond" truecount="3" falsecount="1"/>
        <line num="318" count="0" type="stmt"/>
        <line num="321" count="2" type="stmt"/>
        <line num="327" count="2" type="stmt"/>
        <line num="334" count="12" type="stmt"/>
        <line num="335" count="12" type="stmt"/>
        <line num="336" count="12" type="stmt"/>
        <line num="347" count="3" type="stmt"/>
        <line num="353" count="1" type="stmt"/>
      </file>
    </package>
    <package name="utils">
      <metrics statements="42" coveredstatements="25" conditionals="26" coveredconditionals="14" methods="9" coveredmethods="2"/>
      <file name="logger.js" path="/home/zylex/drone-route-building/drone-route-server/utils/logger.js">
        <metrics statements="42" coveredstatements="25" conditionals="26" coveredconditionals="14" methods="9" coveredmethods="2"/>
        <line num="7" count="1" type="stmt"/>
        <line num="8" count="1" type="stmt"/>
        <line num="9" count="1" type="stmt"/>
        <line num="10" count="1" type="stmt"/>
        <line num="13" count="1" type="cond" truecount="2" falsecount="0"/>
        <line num="16" count="1" type="cond" truecount="1" falsecount="1"/>
        <line num="17" count="0" type="stmt"/>
        <line num="21" count="1" type="stmt"/>
        <line num="30" count="1" type="stmt"/>
        <line num="38" count="1" type="stmt"/>
        <line num="41" count="1" type="stmt"/>
        <line num="45" count="256" type="stmt"/>
        <line num="47" count="256" type="cond" truecount="1" falsecount="1"/>
        <line num="48" count="256" type="cond" truecount="1" falsecount="1"/>
        <line num="50" count="256" type="stmt"/>
        <line num="53" count="256" type="cond" truecount="1" falsecount="1"/>
        <line num="54" count="256" type="stmt"/>
        <line num="57" count="256" type="stmt"/>
        <line num="62" count="1" type="stmt"/>
        <line num="69" count="1" type="cond" truecount="0" falsecount="1"/>
        <line num="70" count="5" type="stmt"/>
        <line num="83" count="1" type="stmt"/>
        <line num="103" count="1" type="stmt"/>
        <line num="119" count="1" type="stmt"/>
        <line num="135" count="1" type="stmt"/>
        <line num="155" count="0" type="stmt"/>
        <line num="156" count="0" type="cond" truecount="0" falsecount="1"/>
        <line num="157" count="0" type="cond" truecount="0" falsecount="1"/>
        <line num="158" count="0" type="cond" truecount="0" falsecount="1"/>
        <line num="159" count="0" type="cond" truecount="0" falsecount="1"/>
        <line num="160" count="0" type="cond" truecount="0" falsecount="1"/>
        <line num="172" count="0" type="stmt"/>
        <line num="173" count="0" type="stmt"/>
        <line num="175" count="0" type="stmt"/>
        <line num="176" count="0" type="stmt"/>
        <line num="177" count="0" type="stmt"/>
        <line num="178" count="0" type="stmt"/>
        <line num="179" count="0" type="stmt"/>
        <line num="181" count="0" type="stmt"/>
        <line num="182" count="0" type="stmt"/>
        <line num="187" count="0" type="stmt"/>
        <line num="194" count="1" type="stmt"/>
      </file>
    </package>
  </project>
</coverage>
