{"/home/zylex/drone-route-building/drone-route-server/services/elevation-service.js": {"path":"/home/zylex/drone-route-building/drone-route-server/services/elevation-service.js","statementMap":{"0":{"start":{"line":6,"column":14},"end":{"line":6,"column":30}},"1":{"start":{"line":7,"column":32},"end":{"line":7,"column":58}},"2":{"start":{"line":10,"column":26},"end":{"line":10,"column":72}},"3":{"start":{"line":13,"column":34},"end":{"line":13,"column":37}},"4":{"start":{"line":14,"column":28},"end":{"line":14,"column":29}},"5":{"start":{"line":15,"column":28},"end":{"line":15,"column":32}},"6":{"start":{"line":18,"column":23},"end":{"line":18,"column":32}},"7":{"start":{"line":19,"column":18},"end":{"line":19,"column":37}},"8":{"start":{"line":29,"column":2},"end":{"line":29,"column":47}},"9":{"start":{"line":38,"column":17},"end":{"line":38,"column":40}},"10":{"start":{"line":39,"column":2},"end":{"line":39,"column":27}},"11":{"start":{"line":39,"column":15},"end":{"line":39,"column":27}},"12":{"start":{"line":42,"column":2},"end":{"line":45,"column":3}},"13":{"start":{"line":43,"column":4},"end":{"line":43,"column":31}},"14":{"start":{"line":44,"column":4},"end":{"line":44,"column":16}},"15":{"start":{"line":47,"column":2},"end":{"line":47,"column":21}},"16":{"start":{"line":56,"column":2},"end":{"line":59,"column":5}},"17":{"start":{"line":68,"column":2},"end":{"line":68,"column":57}},"18":{"start":{"line":68,"column":32},"end":{"line":68,"column":55}},"19":{"start":{"line":78,"column":2},"end":{"line":119,"column":3}},"20":{"start":{"line":79,"column":4},"end":{"line":83,"column":7}},"21":{"start":{"line":85,"column":21},"end":{"line":92,"column":6}},"22":{"start":{"line":94,"column":4},"end":{"line":100,"column":5}},"23":{"start":{"line":95,"column":6},"end":{"line":98,"column":9}},"24":{"start":{"line":99,"column":6},"end":{"line":99,"column":35}},"25":{"start":{"line":102,"column":4},"end":{"line":102,"column":63}},"26":{"start":{"line":105,"column":4},"end":{"line":110,"column":7}},"27":{"start":{"line":113,"column":4},"end":{"line":116,"column":5}},"28":{"start":{"line":114,"column":6},"end":{"line":114,"column":49}},"29":{"start":{"line":115,"column":6},"end":{"line":115,"column":61}},"30":{"start":{"line":118,"column":4},"end":{"line":118,"column":115}},"31":{"start":{"line":128,"column":20},"end":{"line":128,"column":30}},"32":{"start":{"line":129,"column":2},"end":{"line":132,"column":5}},"33":{"start":{"line":134,"column":18},"end":{"line":134,"column":20}},"34":{"start":{"line":135,"column":30},"end":{"line":135,"column":32}},"35":{"start":{"line":136,"column":26},"end":{"line":136,"column":28}},"36":{"start":{"line":139,"column":2},"end":{"line":150,"column":5}},"37":{"start":{"line":140,"column":23},"end":{"line":140,"column":28}},"38":{"start":{"line":141,"column":21},"end":{"line":141,"column":42}},"39":{"start":{"line":142,"column":19},"end":{"line":142,"column":41}},"40":{"start":{"line":144,"column":4},"end":{"line":149,"column":5}},"41":{"start":{"line":145,"column":6},"end":{"line":145,"column":30}},"42":{"start":{"line":147,"column":6},"end":{"line":147,"column":38}},"43":{"start":{"line":148,"column":6},"end":{"line":148,"column":34}},"44":{"start":{"line":152,"column":2},"end":{"line":157,"column":5}},"45":{"start":{"line":160,"column":2},"end":{"line":166,"column":3}},"46":{"start":{"line":161,"column":4},"end":{"line":164,"column":7}},"47":{"start":{"line":165,"column":4},"end":{"line":165,"column":19}},"48":{"start":{"line":169,"column":18},"end":{"line":169,"column":20}},"49":{"start":{"line":170,"column":2},"end":{"line":172,"column":3}},"50":{"start":{"line":170,"column":15},"end":{"line":170,"column":16}},"51":{"start":{"line":171,"column":4},"end":{"line":171,"column":78}},"52":{"start":{"line":174,"column":2},"end":{"line":178,"column":5}},"53":{"start":{"line":181,"column":23},"end":{"line":181,"column":25}},"54":{"start":{"line":182,"column":2},"end":{"line":201,"column":3}},"55":{"start":{"line":182,"column":15},"end":{"line":182,"column":16}},"56":{"start":{"line":183,"column":18},"end":{"line":183,"column":28}},"57":{"start":{"line":184,"column":22},"end":{"line":187,"column":7}},"58":{"start":{"line":184,"column":42},"end":{"line":187,"column":5}},"59":{"start":{"line":189,"column":4},"end":{"line":192,"column":7}},"60":{"start":{"line":194,"column":25},"end":{"line":194,"column":65}},"61":{"start":{"line":195,"column":4},"end":{"line":195,"column":57}},"62":{"start":{"line":198,"column":4},"end":{"line":200,"column":5}},"63":{"start":{"line":199,"column":6},"end":{"line":199,"column":23}},"64":{"start":{"line":204,"column":2},"end":{"line":211,"column":5}},"65":{"start":{"line":205,"column":47},"end":{"line":205,"column":53}},"66":{"start":{"line":206,"column":21},"end":{"line":206,"column":53}},"67":{"start":{"line":207,"column":17},"end":{"line":207,"column":61}},"68":{"start":{"line":209,"column":4},"end":{"line":209,"column":32}},"69":{"start":{"line":210,"column":4},"end":{"line":210,"column":39}},"70":{"start":{"line":213,"column":19},"end":{"line":213,"column":41}},"71":{"start":{"line":214,"column":2},"end":{"line":219,"column":5}},"72":{"start":{"line":221,"column":2},"end":{"line":221,"column":17}},"73":{"start":{"line":231,"column":43},"end":{"line":231,"column":47}},"74":{"start":{"line":232,"column":17},"end":{"line":232,"column":19}},"75":{"start":{"line":234,"column":18},"end":{"line":234,"column":49}},"76":{"start":{"line":235,"column":18},"end":{"line":235,"column":49}},"77":{"start":{"line":237,"column":2},"end":{"line":241,"column":3}},"78":{"start":{"line":237,"column":17},"end":{"line":237,"column":23}},"79":{"start":{"line":238,"column":4},"end":{"line":240,"column":5}},"80":{"start":{"line":238,"column":19},"end":{"line":238,"column":25}},"81":{"start":{"line":239,"column":6},"end":{"line":239,"column":30}},"82":{"start":{"line":243,"column":2},"end":{"line":248,"column":5}},"83":{"start":{"line":250,"column":2},"end":{"line":250,"column":16}},"84":{"start":{"line":260,"column":2},"end":{"line":264,"column":5}},"85":{"start":{"line":266,"column":21},"end":{"line":266,"column":58}},"86":{"start":{"line":269,"column":26},"end":{"line":269,"column":30}},"87":{"start":{"line":270,"column":2},"end":{"line":284,"column":3}},"88":{"start":{"line":271,"column":4},"end":{"line":275,"column":7}},"89":{"start":{"line":278,"column":22},"end":{"line":278,"column":39}},"90":{"start":{"line":279,"column":23},"end":{"line":279,"column":40}},"91":{"start":{"line":280,"column":17},"end":{"line":280,"column":39}},"92":{"start":{"line":281,"column":23},"end":{"line":281,"column":68}},"93":{"start":{"line":283,"column":4},"end":{"line":283,"column":69}},"94":{"start":{"line":286,"column":2},"end":{"line":286,"column":46}},"95":{"start":{"line":296,"column":2},"end":{"line":300,"column":5}},"96":{"start":{"line":303,"column":29},"end":{"line":303,"column":98}},"97":{"start":{"line":303,"column":67},"end":{"line":303,"column":97}},"98":{"start":{"line":306,"column":2},"end":{"line":308,"column":3}},"99":{"start":{"line":307,"column":4},"end":{"line":307,"column":75}},"100":{"start":{"line":310,"column":2},"end":{"line":314,"column":5}},"101":{"start":{"line":316,"column":2},"end":{"line":316,"column":54}},"102":{"start":{"line":323,"column":15},"end":{"line":323,"column":34}},"103":{"start":{"line":324,"column":2},"end":{"line":324,"column":25}},"104":{"start":{"line":325,"column":2},"end":{"line":328,"column":5}},"105":{"start":{"line":336,"column":2},"end":{"line":339,"column":4}},"106":{"start":{"line":342,"column":0},"end":{"line":348,"column":2}}},"fnMap":{"0":{"name":"getCacheKey","decl":{"start":{"line":27,"column":9},"end":{"line":27,"column":20}},"loc":{"start":{"line":27,"column":31},"end":{"line":30,"column":1}},"line":27},"1":{"name":"getFromCache","decl":{"start":{"line":37,"column":9},"end":{"line":37,"column":21}},"loc":{"start":{"line":37,"column":27},"end":{"line":48,"column":1}},"line":37},"2":{"name":"saveToCache","decl":{"start":{"line":55,"column":9},"end":{"line":55,"column":20}},"loc":{"start":{"line":55,"column":32},"end":{"line":60,"column":1}},"line":55},"3":{"name":"delay","decl":{"start":{"line":67,"column":9},"end":{"line":67,"column":14}},"loc":{"start":{"line":67,"column":19},"end":{"line":69,"column":1}},"line":67},"4":{"name":"(anonymous_4)","decl":{"start":{"line":68,"column":21},"end":{"line":68,"column":22}},"loc":{"start":{"line":68,"column":32},"end":{"line":68,"column":55}},"line":68},"5":{"name":"fetchElevationWithRetry","decl":{"start":{"line":77,"column":15},"end":{"line":77,"column":38}},"loc":{"start":{"line":77,"column":63},"end":{"line":120,"column":1}},"line":77},"6":{"name":"fetchElevationData","decl":{"start":{"line":127,"column":15},"end":{"line":127,"column":33}},"loc":{"start":{"line":127,"column":47},"end":{"line":222,"column":1}},"line":127},"7":{"name":"(anonymous_7)","decl":{"start":{"line":139,"column":22},"end":{"line":139,"column":23}},"loc":{"start":{"line":139,"column":40},"end":{"line":150,"column":3}},"line":139},"8":{"name":"(anonymous_8)","decl":{"start":{"line":184,"column":32},"end":{"line":184,"column":33}},"loc":{"start":{"line":184,"column":42},"end":{"line":187,"column":5}},"line":184},"9":{"name":"(anonymous_9)","decl":{"start":{"line":204,"column":25},"end":{"line":204,"column":26}},"loc":{"start":{"line":204,"column":40},"end":{"line":211,"column":3}},"line":204},"10":{"name":"generateGridPoints","decl":{"start":{"line":230,"column":9},"end":{"line":230,"column":27}},"loc":{"start":{"line":230,"column":52},"end":{"line":251,"column":1}},"line":230},"11":{"name":"getElevationForBoundingBox","decl":{"start":{"line":259,"column":15},"end":{"line":259,"column":41}},"loc":{"start":{"line":259,"column":66},"end":{"line":287,"column":1}},"line":259},"12":{"name":"getElevationAlongRoute","decl":{"start":{"line":295,"column":15},"end":{"line":295,"column":37}},"loc":{"start":{"line":295,"column":78},"end":{"line":317,"column":1}},"line":295},"13":{"name":"(anonymous_13)","decl":{"start":{"line":303,"column":53},"end":{"line":303,"column":54}},"loc":{"start":{"line":303,"column":67},"end":{"line":303,"column":97}},"line":303},"14":{"name":"clearCache","decl":{"start":{"line":322,"column":9},"end":{"line":322,"column":19}},"loc":{"start":{"line":322,"column":22},"end":{"line":329,"column":1}},"line":322},"15":{"name":"getCacheStats","decl":{"start":{"line":335,"column":9},"end":{"line":335,"column":22}},"loc":{"start":{"line":335,"column":25},"end":{"line":340,"column":1}},"line":335}},"branchMap":{"0":{"loc":{"start":{"line":39,"column":2},"end":{"line":39,"column":27}},"type":"if","locations":[{"start":{"line":39,"column":2},"end":{"line":39,"column":27}},{"start":{},"end":{}}],"line":39},"1":{"loc":{"start":{"line":42,"column":2},"end":{"line":45,"column":3}},"type":"if","locations":[{"start":{"line":42,"column":2},"end":{"line":45,"column":3}},{"start":{},"end":{}}],"line":42},"2":{"loc":{"start":{"line":77,"column":50},"end":{"line":77,"column":61}},"type":"default-arg","locations":[{"start":{"line":77,"column":60},"end":{"line":77,"column":61}}],"line":77},"3":{"loc":{"start":{"line":94,"column":4},"end":{"line":100,"column":5}},"type":"if","locations":[{"start":{"line":94,"column":4},"end":{"line":100,"column":5}},{"start":{},"end":{}}],"line":94},"4":{"loc":{"start":{"line":94,"column":8},"end":{"line":94,"column":46}},"type":"binary-expr","locations":[{"start":{"line":94,"column":8},"end":{"line":94,"column":21}},{"start":{"line":94,"column":25},"end":{"line":94,"column":46}}],"line":94},"5":{"loc":{"start":{"line":113,"column":4},"end":{"line":116,"column":5}},"type":"if","locations":[{"start":{"line":113,"column":4},"end":{"line":116,"column":5}},{"start":{},"end":{}}],"line":113},"6":{"loc":{"start":{"line":144,"column":4},"end":{"line":149,"column":5}},"type":"if","locations":[{"start":{"line":144,"column":4},"end":{"line":149,"column":5}},{"start":{"line":146,"column":11},"end":{"line":149,"column":5}}],"line":144},"7":{"loc":{"start":{"line":160,"column":2},"end":{"line":166,"column":3}},"type":"if","locations":[{"start":{"line":160,"column":2},"end":{"line":166,"column":3}},{"start":{},"end":{}}],"line":160},"8":{"loc":{"start":{"line":198,"column":4},"end":{"line":200,"column":5}},"type":"if","locations":[{"start":{"line":198,"column":4},"end":{"line":200,"column":5}},{"start":{},"end":{}}],"line":198},"9":{"loc":{"start":{"line":230,"column":34},"end":{"line":230,"column":50}},"type":"default-arg","locations":[{"start":{"line":230,"column":48},"end":{"line":230,"column":50}}],"line":230},"10":{"loc":{"start":{"line":259,"column":48},"end":{"line":259,"column":64}},"type":"default-arg","locations":[{"start":{"line":259,"column":62},"end":{"line":259,"column":64}}],"line":259},"11":{"loc":{"start":{"line":270,"column":2},"end":{"line":284,"column":3}},"type":"if","locations":[{"start":{"line":270,"column":2},"end":{"line":284,"column":3}},{"start":{},"end":{}}],"line":270},"12":{"loc":{"start":{"line":295,"column":56},"end":{"line":295,"column":76}},"type":"default-arg","locations":[{"start":{"line":295,"column":75},"end":{"line":295,"column":76}}],"line":295},"13":{"loc":{"start":{"line":306,"column":2},"end":{"line":308,"column":3}},"type":"if","locations":[{"start":{"line":306,"column":2},"end":{"line":308,"column":3}},{"start":{},"end":{}}],"line":306},"14":{"loc":{"start":{"line":306,"column":6},"end":{"line":306,"column":91}},"type":"binary-expr","locations":[{"start":{"line":306,"column":6},"end":{"line":306,"column":33}},{"start":{"line":306,"column":37},"end":{"line":306,"column":91}}],"line":306}},"s":{"0":1,"1":1,"2":1,"3":1,"4":1,"5":1,"6":1,"7":1,"8":746,"9":373,"10":373,"11":372,"12":1,"13":0,"14":0,"15":1,"16":372,"17":3,"18":3,"19":12,"20":12,"21":12,"22":12,"23":12,"24":12,"25":0,"26":0,"27":0,"28":0,"29":0,"30":0,"31":12,"32":12,"33":12,"34":12,"35":12,"36":12,"37":374,"38":374,"39":373,"40":373,"41":1,"42":372,"43":372,"44":11,"45":11,"46":2,"47":2,"48":9,"49":9,"50":9,"51":12,"52":9,"53":9,"54":9,"55":9,"56":12,"57":12,"58":372,"59":12,"60":12,"61":12,"62":12,"63":3,"64":9,"65":372,"66":372,"67":372,"68":372,"69":372,"70":9,"71":9,"72":9,"73":4730,"74":4730,"75":4730,"76":4730,"77":4730,"78":4730,"79":335800,"80":335800,"81":23844159,"82":4730,"83":4730,"84":4731,"85":4730,"86":4730,"87":4730,"88":4729,"89":4729,"90":4729,"91":4729,"92":4729,"93":4729,"94":1,"95":2,"96":2,"97":8,"98":2,"99":0,"100":2,"101":2,"102":12,"103":12,"104":12,"105":3,"106":1},"f":{"0":746,"1":373,"2":372,"3":3,"4":3,"5":12,"6":12,"7":374,"8":372,"9":372,"10":4730,"11":4731,"12":2,"13":8,"14":12,"15":3},"b":{"0":[372,1],"1":[0,1],"2":[12],"3":[12,0],"4":[12,12],"5":[0,0],"6":[1,372],"7":[2,9],"8":[3,9],"9":[0],"10":[0],"11":[4729,1],"12":[0],"13":[0,2],"14":[2,2]},"_coverageSchema":"1a1c01bbd47fc00a2c39e90264f33305004495a9","hash":"b73afab16615cb0582d14907c2fb8e694b48c53d"}
,"/home/zylex/drone-route-building/drone-route-server/utils/logger.js": {"path":"/home/zylex/drone-route-building/drone-route-server/utils/logger.js","statementMap":{"0":{"start":{"line":7,"column":16},"end":{"line":7,"column":34}},"1":{"start":{"line":8,"column":24},"end":{"line":8,"column":60}},"2":{"start":{"line":9,"column":13},"end":{"line":9,"column":28}},"3":{"start":{"line":10,"column":11},"end":{"line":10,"column":24}},"4":{"start":{"line":13,"column":16},"end":{"line":13,"column":70}},"5":{"start":{"line":16,"column":0},"end":{"line":18,"column":1}},"6":{"start":{"line":17,"column":2},"end":{"line":17,"column":45}},"7":{"start":{"line":21,"column":15},"end":{"line":27,"column":1}},"8":{"start":{"line":30,"column":15},"end":{"line":36,"column":1}},"9":{"start":{"line":38,"column":0},"end":{"line":38,"column":26}},"10":{"start":{"line":41,"column":22},"end":{"line":59,"column":1}},"11":{"start":{"line":45,"column":14},"end":{"line":45,"column":39}},"12":{"start":{"line":47,"column":4},"end":{"line":47,"column":38}},"13":{"start":{"line":47,"column":16},"end":{"line":47,"column":38}},"14":{"start":{"line":48,"column":4},"end":{"line":48,"column":51}},"15":{"start":{"line":48,"column":19},"end":{"line":48,"column":51}},"16":{"start":{"line":50,"column":4},"end":{"line":50,"column":26}},"17":{"start":{"line":53,"column":4},"end":{"line":55,"column":5}},"18":{"start":{"line":54,"column":6},"end":{"line":54,"column":49}},"19":{"start":{"line":57,"column":4},"end":{"line":57,"column":15}},"20":{"start":{"line":62,"column":19},"end":{"line":66,"column":1}},"21":{"start":{"line":69,"column":22},"end":{"line":78,"column":1}},"22":{"start":{"line":70,"column":2},"end":{"line":77,"column":5}},"23":{"start":{"line":83,"column":18},"end":{"line":98,"column":2}},"24":{"start":{"line":103,"column":19},"end":{"line":114,"column":2}},"25":{"start":{"line":119,"column":26},"end":{"line":130,"column":2}},"26":{"start":{"line":135,"column":21},"end":{"line":142,"column":2}},"27":{"start":{"line":155,"column":2},"end":{"line":161,"column":4}},"28":{"start":{"line":156,"column":35},"end":{"line":156,"column":89}},"29":{"start":{"line":157,"column":34},"end":{"line":157,"column":87}},"30":{"start":{"line":158,"column":34},"end":{"line":158,"column":87}},"31":{"start":{"line":159,"column":35},"end":{"line":159,"column":89}},"32":{"start":{"line":160,"column":35},"end":{"line":160,"column":89}},"33":{"start":{"line":172,"column":20},"end":{"line":172,"column":30}},"34":{"start":{"line":173,"column":2},"end":{"line":173,"column":52}},"35":{"start":{"line":175,"column":2},"end":{"line":188,"column":3}},"36":{"start":{"line":176,"column":19},"end":{"line":176,"column":36}},"37":{"start":{"line":177,"column":21},"end":{"line":177,"column":43}},"38":{"start":{"line":178,"column":4},"end":{"line":178,"column":87}},"39":{"start":{"line":179,"column":4},"end":{"line":179,"column":18}},"40":{"start":{"line":181,"column":21},"end":{"line":181,"column":43}},"41":{"start":{"line":182,"column":4},"end":{"line":186,"column":7}},"42":{"start":{"line":187,"column":4},"end":{"line":187,"column":16}},"43":{"start":{"line":194,"column":0},"end":{"line":207,"column":2}}},"fnMap":{"0":{"name":"(anonymous_0)","decl":{"start":{"line":44,"column":24},"end":{"line":44,"column":25}},"loc":{"start":{"line":44,"column":87},"end":{"line":58,"column":3}},"line":44},"1":{"name":"(anonymous_1)","decl":{"start":{"line":69,"column":22},"end":{"line":69,"column":23}},"loc":{"start":{"line":69,"column":52},"end":{"line":78,"column":1}},"line":69},"2":{"name":"createModuleLogger","decl":{"start":{"line":154,"column":9},"end":{"line":154,"column":27}},"loc":{"start":{"line":154,"column":60},"end":{"line":162,"column":1}},"line":154},"3":{"name":"(anonymous_3)","decl":{"start":{"line":156,"column":11},"end":{"line":156,"column":12}},"loc":{"start":{"line":156,"column":35},"end":{"line":156,"column":89}},"line":156},"4":{"name":"(anonymous_4)","decl":{"start":{"line":157,"column":10},"end":{"line":157,"column":11}},"loc":{"start":{"line":157,"column":34},"end":{"line":157,"column":87}},"line":157},"5":{"name":"(anonymous_5)","decl":{"start":{"line":158,"column":10},"end":{"line":158,"column":11}},"loc":{"start":{"line":158,"column":34},"end":{"line":158,"column":87}},"line":158},"6":{"name":"(anonymous_6)","decl":{"start":{"line":159,"column":11},"end":{"line":159,"column":12}},"loc":{"start":{"line":159,"column":35},"end":{"line":159,"column":89}},"line":159},"7":{"name":"(anonymous_7)","decl":{"start":{"line":160,"column":11},"end":{"line":160,"column":12}},"loc":{"start":{"line":160,"column":35},"end":{"line":160,"column":89}},"line":160},"8":{"name":"logExecutionTime","decl":{"start":{"line":171,"column":15},"end":{"line":171,"column":31}},"loc":{"start":{"line":171,"column":78},"end":{"line":189,"column":1}},"line":171}},"branchMap":{"0":{"loc":{"start":{"line":13,"column":16},"end":{"line":13,"column":70}},"type":"binary-expr","locations":[{"start":{"line":13,"column":16},"end":{"line":13,"column":35}},{"start":{"line":13,"column":39},"end":{"line":13,"column":70}}],"line":13},"1":{"loc":{"start":{"line":16,"column":0},"end":{"line":18,"column":1}},"type":"if","locations":[{"start":{"line":16,"column":0},"end":{"line":18,"column":1}},{"start":{},"end":{}}],"line":16},"2":{"loc":{"start":{"line":47,"column":4},"end":{"line":47,"column":38}},"type":"if","locations":[{"start":{"line":47,"column":4},"end":{"line":47,"column":38}},{"start":{},"end":{}}],"line":47},"3":{"loc":{"start":{"line":48,"column":4},"end":{"line":48,"column":51}},"type":"if","locations":[{"start":{"line":48,"column":4},"end":{"line":48,"column":51}},{"start":{},"end":{}}],"line":48},"4":{"loc":{"start":{"line":53,"column":4},"end":{"line":55,"column":5}},"type":"if","locations":[{"start":{"line":53,"column":4},"end":{"line":55,"column":5}},{"start":{},"end":{}}],"line":53},"5":{"loc":{"start":{"line":69,"column":33},"end":{"line":69,"column":47}},"type":"default-arg","locations":[{"start":{"line":69,"column":41},"end":{"line":69,"column":47}}],"line":69},"6":{"loc":{"start":{"line":73,"column":13},"end":{"line":73,"column":46}},"type":"binary-expr","locations":[{"start":{"line":73,"column":13},"end":{"line":73,"column":37}},{"start":{"line":73,"column":41},"end":{"line":73,"column":46}}],"line":73},"7":{"loc":{"start":{"line":74,"column":14},"end":{"line":74,"column":48}},"type":"binary-expr","locations":[{"start":{"line":74,"column":14},"end":{"line":74,"column":39}},{"start":{"line":74,"column":43},"end":{"line":74,"column":48}}],"line":74},"8":{"loc":{"start":{"line":85,"column":9},"end":{"line":85,"column":41}},"type":"binary-expr","locations":[{"start":{"line":85,"column":9},"end":{"line":85,"column":30}},{"start":{"line":85,"column":34},"end":{"line":85,"column":41}}],"line":85},"9":{"loc":{"start":{"line":90,"column":13},"end":{"line":90,"column":45}},"type":"binary-expr","locations":[{"start":{"line":90,"column":13},"end":{"line":90,"column":34}},{"start":{"line":90,"column":38},"end":{"line":90,"column":45}}],"line":90},"10":{"loc":{"start":{"line":154,"column":40},"end":{"line":154,"column":58}},"type":"default-arg","locations":[{"start":{"line":154,"column":49},"end":{"line":154,"column":58}}],"line":154},"11":{"loc":{"start":{"line":156,"column":21},"end":{"line":156,"column":30}},"type":"default-arg","locations":[{"start":{"line":156,"column":28},"end":{"line":156,"column":30}}],"line":156},"12":{"loc":{"start":{"line":157,"column":20},"end":{"line":157,"column":29}},"type":"default-arg","locations":[{"start":{"line":157,"column":27},"end":{"line":157,"column":29}}],"line":157},"13":{"loc":{"start":{"line":158,"column":20},"end":{"line":158,"column":29}},"type":"default-arg","locations":[{"start":{"line":158,"column":27},"end":{"line":158,"column":29}}],"line":158},"14":{"loc":{"start":{"line":159,"column":21},"end":{"line":159,"column":30}},"type":"default-arg","locations":[{"start":{"line":159,"column":28},"end":{"line":159,"column":30}}],"line":159},"15":{"loc":{"start":{"line":160,"column":21},"end":{"line":160,"column":30}},"type":"default-arg","locations":[{"start":{"line":160,"column":28},"end":{"line":160,"column":30}}],"line":160},"16":{"loc":{"start":{"line":171,"column":58},"end":{"line":171,"column":76}},"type":"default-arg","locations":[{"start":{"line":171,"column":67},"end":{"line":171,"column":76}}],"line":171}},"s":{"0":1,"1":1,"2":1,"3":1,"4":1,"5":1,"6":0,"7":1,"8":1,"9":1,"10":1,"11":14285,"12":14285,"13":14285,"14":14285,"15":0,"16":14285,"17":14285,"18":14285,"19":14285,"20":1,"21":1,"22":5,"23":1,"24":1,"25":1,"26":1,"27":0,"28":0,"29":0,"30":0,"31":0,"32":0,"33":0,"34":0,"35":0,"36":0,"37":0,"38":0,"39":0,"40":0,"41":0,"42":0,"43":1},"f":{"0":14285,"1":5,"2":0,"3":0,"4":0,"5":0,"6":0,"7":0,"8":0},"b":{"0":[1,1],"1":[0,1],"2":[14285,0],"3":[0,14285],"4":[14285,0],"5":[0],"6":[5,5],"7":[5,5],"8":[1,1],"9":[1,1],"10":[0],"11":[0],"12":[0],"13":[0],"14":[0],"15":[0],"16":[0]},"_coverageSchema":"1a1c01bbd47fc00a2c39e90264f33305004495a9","hash":"40225770cc1e48ec0208114f7de4be02291dda83"}
}
