TN:
SF:services/elevation-service.js
FN:27,getCacheKey
FN:37,getFromCache
FN:55,saveToCache
FN:67,delay
FN:68,(anonymous_4)
FN:77,fetchElevationWithRetry
FN:127,fetchElevationData
FN:139,(anonymous_7)
FN:184,(anonymous_8)
FN:204,(anonymous_9)
FN:230,generateGridPoints
FN:259,getElevationForBoundingBox
FN:295,getElevationAlongRoute
FN:303,(anonymous_13)
FN:322,clearCache
FN:335,getCacheStats
FNF:16
FNH:16
FNDA:746,getCacheKey
FNDA:373,getFromCache
FNDA:372,saveToCache
FNDA:3,delay
FNDA:3,(anonymous_4)
FNDA:12,fetchElevationWithRetry
FNDA:12,fetchElevationData
FNDA:374,(anonymous_7)
FNDA:372,(anonymous_8)
FNDA:372,(anonymous_9)
FNDA:4730,generateGridPoints
FNDA:4731,getElevationForBoundingBox
FNDA:2,getElevationAlongRoute
FNDA:8,(anonymous_13)
FNDA:12,clearCache
FNDA:3,getCacheStats
DA:6,1
DA:7,1
DA:10,1
DA:13,1
DA:14,1
DA:15,1
DA:18,1
DA:19,1
DA:29,746
DA:38,373
DA:39,373
DA:42,1
DA:43,0
DA:44,0
DA:47,1
DA:56,372
DA:68,3
DA:78,12
DA:79,12
DA:85,12
DA:94,12
DA:95,12
DA:99,12
DA:102,0
DA:105,0
DA:113,0
DA:114,0
DA:115,0
DA:118,0
DA:128,12
DA:129,12
DA:134,12
DA:135,12
DA:136,12
DA:139,12
DA:140,374
DA:141,374
DA:142,373
DA:144,373
DA:145,1
DA:147,372
DA:148,372
DA:152,11
DA:160,11
DA:161,2
DA:165,2
DA:169,9
DA:170,9
DA:171,12
DA:174,9
DA:181,9
DA:182,9
DA:183,12
DA:184,372
DA:189,12
DA:194,12
DA:195,12
DA:198,12
DA:199,3
DA:204,9
DA:205,372
DA:206,372
DA:207,372
DA:209,372
DA:210,372
DA:213,9
DA:214,9
DA:221,9
DA:231,4730
DA:232,4730
DA:234,4730
DA:235,4730
DA:237,4730
DA:238,335800
DA:239,23844159
DA:243,4730
DA:250,4730
DA:260,4731
DA:266,4730
DA:269,4730
DA:270,4730
DA:271,4729
DA:278,4729
DA:279,4729
DA:280,4729
DA:281,4729
DA:283,4729
DA:286,1
DA:296,2
DA:303,8
DA:306,2
DA:307,0
DA:310,2
DA:316,2
DA:323,12
DA:324,12
DA:325,12
DA:336,3
DA:342,1
LF:99
LH:90
BRDA:39,0,0,372
BRDA:39,0,1,1
BRDA:42,1,0,0
BRDA:42,1,1,1
BRDA:77,2,0,12
BRDA:94,3,0,12
BRDA:94,3,1,0
BRDA:94,4,0,12
BRDA:94,4,1,12
BRDA:113,5,0,0
BRDA:113,5,1,0
BRDA:144,6,0,1
BRDA:144,6,1,372
BRDA:160,7,0,2
BRDA:160,7,1,9
BRDA:198,8,0,3
BRDA:198,8,1,9
BRDA:230,9,0,0
BRDA:259,10,0,0
BRDA:270,11,0,4729
BRDA:270,11,1,1
BRDA:295,12,0,0
BRDA:306,13,0,0
BRDA:306,13,1,2
BRDA:306,14,0,2
BRDA:306,14,1,2
BRF:26
BRH:18
end_of_record
TN:
SF:utils/logger.js
FN:44,(anonymous_0)
FN:69,(anonymous_1)
FN:154,createModuleLogger
FN:156,(anonymous_3)
FN:157,(anonymous_4)
FN:158,(anonymous_5)
FN:159,(anonymous_6)
FN:160,(anonymous_7)
FN:171,logExecutionTime
FNF:9
FNH:2
FNDA:14285,(anonymous_0)
FNDA:5,(anonymous_1)
FNDA:0,createModuleLogger
FNDA:0,(anonymous_3)
FNDA:0,(anonymous_4)
FNDA:0,(anonymous_5)
FNDA:0,(anonymous_6)
FNDA:0,(anonymous_7)
FNDA:0,logExecutionTime
DA:7,1
DA:8,1
DA:9,1
DA:10,1
DA:13,1
DA:16,1
DA:17,0
DA:21,1
DA:30,1
DA:38,1
DA:41,1
DA:45,14285
DA:47,14285
DA:48,14285
DA:50,14285
DA:53,14285
DA:54,14285
DA:57,14285
DA:62,1
DA:69,1
DA:70,5
DA:83,1
DA:103,1
DA:119,1
DA:135,1
DA:155,0
DA:156,0
DA:157,0
DA:158,0
DA:159,0
DA:160,0
DA:172,0
DA:173,0
DA:175,0
DA:176,0
DA:177,0
DA:178,0
DA:179,0
DA:181,0
DA:182,0
DA:187,0
DA:194,1
LF:42
LH:25
BRDA:13,0,0,1
BRDA:13,0,1,1
BRDA:16,1,0,0
BRDA:16,1,1,1
BRDA:47,2,0,14285
BRDA:47,2,1,0
BRDA:48,3,0,0
BRDA:48,3,1,14285
BRDA:53,4,0,14285
BRDA:53,4,1,0
BRDA:69,5,0,0
BRDA:73,6,0,5
BRDA:73,6,1,5
BRDA:74,7,0,5
BRDA:74,7,1,5
BRDA:85,8,0,1
BRDA:85,8,1,1
BRDA:90,9,0,1
BRDA:90,9,1,1
BRDA:154,10,0,0
BRDA:156,11,0,0
BRDA:157,12,0,0
BRDA:158,13,0,0
BRDA:159,14,0,0
BRDA:160,15,0,0
BRDA:171,16,0,0
BRF:26
BRH:14
end_of_record
