TN:
SF:services/elevation-service.js
FN:27,getCacheKey
FN:37,getFromCache
FN:55,saveToCache
FN:67,delay
FN:68,(anonymous_4)
FN:77,fetchElevationWithRetry
FN:127,fetchElevationData
FN:139,(anonymous_7)
FN:184,(anonymous_8)
FN:204,(anonymous_9)
FN:230,generateGridPoints
FN:259,getElevationForBoundingBox
FN:306,getElevationAlongRoute
FN:314,(anonymous_13)
FN:333,clearCache
FN:346,getCacheStats
FNF:16
FNH:16
FNDA:10406,getCacheKey
FNDA:5203,getFromCache
FNDA:5202,saveToCache
FNDA:51,delay
FNDA:51,(anonymous_4)
FNDA:61,fetchElevationWithRetry
FNDA:13,fetchElevationData
FNDA:5204,(anonymous_7)
FNDA:5202,(anonymous_8)
FNDA:5202,(anonymous_9)
FNDA:4,generateGridPoints
FNDA:4,getElevationForBoundingBox
FNDA:2,getElevationAlongRoute
FNDA:8,(anonymous_13)
FNDA:12,clearCache
FNDA:3,getCacheStats
DA:6,1
DA:7,1
DA:10,1
DA:13,1
DA:14,1
DA:15,1
DA:18,1
DA:19,1
DA:29,10406
DA:38,5203
DA:39,5203
DA:42,1
DA:43,0
DA:44,0
DA:47,1
DA:56,5202
DA:68,51
DA:78,61
DA:79,61
DA:85,61
DA:94,61
DA:95,61
DA:99,61
DA:102,0
DA:105,0
DA:113,0
DA:114,0
DA:115,0
DA:118,0
DA:128,13
DA:129,13
DA:134,13
DA:135,13
DA:136,13
DA:139,13
DA:140,5204
DA:141,5204
DA:142,5203
DA:144,5203
DA:145,1
DA:147,5202
DA:148,5202
DA:152,12
DA:160,12
DA:161,2
DA:165,2
DA:169,10
DA:170,10
DA:171,61
DA:174,10
DA:181,10
DA:182,10
DA:183,61
DA:184,5202
DA:189,61
DA:194,61
DA:195,61
DA:198,61
DA:199,51
DA:204,10
DA:205,5202
DA:206,5202
DA:207,5202
DA:209,5202
DA:210,5202
DA:213,10
DA:214,10
DA:221,10
DA:231,4
DA:232,4
DA:234,4
DA:235,4
DA:237,4
DA:238,253
DA:239,20182
DA:243,4
DA:250,4
DA:260,4
DA:266,4
DA:269,4
DA:270,4
DA:271,2
DA:279,2
DA:280,2
DA:283,2
DA:285,0
DA:286,0
DA:291,0
DA:294,2
DA:297,2
DA:307,2
DA:314,8
DA:317,2
DA:318,0
DA:321,2
DA:327,2
DA:334,12
DA:335,12
DA:336,12
DA:347,3
DA:353,1
LF:101
LH:89
BRDA:39,0,0,5202
BRDA:39,0,1,1
BRDA:42,1,0,0
BRDA:42,1,1,1
BRDA:77,2,0,61
BRDA:94,3,0,61
BRDA:94,3,1,0
BRDA:94,4,0,61
BRDA:94,4,1,61
BRDA:113,5,0,0
BRDA:113,5,1,0
BRDA:144,6,0,1
BRDA:144,6,1,5202
BRDA:160,7,0,2
BRDA:160,7,1,10
BRDA:198,8,0,51
BRDA:198,8,1,10
BRDA:230,9,0,0
BRDA:259,10,0,0
BRDA:270,11,0,2
BRDA:270,11,1,2
BRDA:283,12,0,0
BRDA:283,12,1,2
BRDA:306,13,0,0
BRDA:317,14,0,0
BRDA:317,14,1,2
BRDA:317,15,0,2
BRDA:317,15,1,2
BRF:28
BRH:19
end_of_record
TN:
SF:utils/logger.js
FN:44,(anonymous_0)
FN:69,(anonymous_1)
FN:154,createModuleLogger
FN:156,(anonymous_3)
FN:157,(anonymous_4)
FN:158,(anonymous_5)
FN:159,(anonymous_6)
FN:160,(anonymous_7)
FN:171,logExecutionTime
FNF:9
FNH:2
FNDA:256,(anonymous_0)
FNDA:5,(anonymous_1)
FNDA:0,createModuleLogger
FNDA:0,(anonymous_3)
FNDA:0,(anonymous_4)
FNDA:0,(anonymous_5)
FNDA:0,(anonymous_6)
FNDA:0,(anonymous_7)
FNDA:0,logExecutionTime
DA:7,1
DA:8,1
DA:9,1
DA:10,1
DA:13,1
DA:16,1
DA:17,0
DA:21,1
DA:30,1
DA:38,1
DA:41,1
DA:45,256
DA:47,256
DA:48,256
DA:50,256
DA:53,256
DA:54,256
DA:57,256
DA:62,1
DA:69,1
DA:70,5
DA:83,1
DA:103,1
DA:119,1
DA:135,1
DA:155,0
DA:156,0
DA:157,0
DA:158,0
DA:159,0
DA:160,0
DA:172,0
DA:173,0
DA:175,0
DA:176,0
DA:177,0
DA:178,0
DA:179,0
DA:181,0
DA:182,0
DA:187,0
DA:194,1
LF:42
LH:25
BRDA:13,0,0,1
BRDA:13,0,1,1
BRDA:16,1,0,0
BRDA:16,1,1,1
BRDA:47,2,0,256
BRDA:47,2,1,0
BRDA:48,3,0,0
BRDA:48,3,1,256
BRDA:53,4,0,256
BRDA:53,4,1,0
BRDA:69,5,0,0
BRDA:73,6,0,5
BRDA:73,6,1,5
BRDA:74,7,0,5
BRDA:74,7,1,5
BRDA:85,8,0,1
BRDA:85,8,1,1
BRDA:90,9,0,1
BRDA:90,9,1,1
BRDA:154,10,0,0
BRDA:156,11,0,0
BRDA:157,12,0,0
BRDA:158,13,0,0
BRDA:159,14,0,0
BRDA:160,15,0,0
BRDA:171,16,0,0
BRF:26
BRH:14
end_of_record
